<?xml version="1.0" encoding="UTF-8"?>
<robot generator="Robot 3.2.2 (Python 3.8.3 on win32)" generated="20200925 11:56:36.874" rpa="false">
<suite id="s1" name="RobotProject1" source="C:\Users\hivas\eclipse-workspace\RobotProject1">
<suite id="s1-s1" name="Test" source="C:\Users\hivas\eclipse-workspace\RobotProject1\test">
<suite id="s1-s1-s1" name="TestSuit1" source="C:\Users\hivas\eclipse-workspace\RobotProject1\test\TestSuit1.robot">
<kw name="Log" library="BuiltIn" type="setup">
<doc>Logs the given message with the given level.</doc>
<arguments>
<arg>i am inside Test Suite Setup</arg>
</arguments>
<msg timestamp="20200925 11:56:43.085" level="INFO">i am inside Test Suite Setup</msg>
<status status="PASS" starttime="20200925 11:56:43.083" endtime="20200925 11:56:43.086"></status>
</kw>
<test id="s1-s1-s1-t1" name="MyFirstTest">
<kw name="Log" library="BuiltIn" type="setup">
<doc>Logs the given message with the given level.</doc>
<arguments>
<arg>i am inside Test Setup</arg>
</arguments>
<msg timestamp="20200925 11:56:43.094" level="INFO">i am inside Test Setup</msg>
<status status="PASS" starttime="20200925 11:56:43.093" endtime="20200925 11:56:43.095"></status>
</kw>
<kw name="Log" library="BuiltIn">
<doc>Logs the given message with the given level.</doc>
<arguments>
<arg>Hello World...</arg>
</arguments>
<msg timestamp="20200925 11:56:43.096" level="INFO">Hello World...</msg>
<status status="PASS" starttime="20200925 11:56:43.095" endtime="20200925 11:56:43.098"></status>
</kw>
<kw name="Log" library="BuiltIn" type="teardown">
<doc>Logs the given message with the given level.</doc>
<arguments>
<arg>i am inside Test Teardown</arg>
</arguments>
<msg timestamp="20200925 11:56:43.100" level="INFO">i am inside Test Teardown</msg>
<status status="PASS" starttime="20200925 11:56:43.099" endtime="20200925 11:56:43.101"></status>
</kw>
<tags>
<tag>smoke</tag>
</tags>
<status status="PASS" starttime="20200925 11:56:43.087" endtime="20200925 11:56:43.101" critical="yes"></status>
</test>
<test id="s1-s1-s1-t2" name="MySecondTest">
<kw name="Log" library="BuiltIn" type="setup">
<doc>Logs the given message with the given level.</doc>
<arguments>
<arg>i am inside Test Setup</arg>
</arguments>
<msg timestamp="20200925 11:56:43.111" level="INFO">i am inside Test Setup</msg>
<status status="PASS" starttime="20200925 11:56:43.106" endtime="20200925 11:56:43.113"></status>
</kw>
<kw name="Log" library="BuiltIn">
<doc>Logs the given message with the given level.</doc>
<arguments>
<arg>i am inside 2nd Test</arg>
</arguments>
<msg timestamp="20200925 11:56:43.115" level="INFO">i am inside 2nd Test</msg>
<status status="PASS" starttime="20200925 11:56:43.114" endtime="20200925 11:56:43.116"></status>
</kw>
<kw name="Set Tags" library="BuiltIn">
<doc>Adds given ``tags`` for the current test or all tests in a suite.</doc>
<arguments>
<arg>regression1</arg>
</arguments>
<msg timestamp="20200925 11:56:43.119" level="INFO">Set tag 'regression1'.</msg>
<status status="PASS" starttime="20200925 11:56:43.117" endtime="20200925 11:56:43.122"></status>
</kw>
<kw name="Remove Tags" library="BuiltIn">
<doc>Removes given ``tags`` from the current test or all tests in a suite.</doc>
<arguments>
<arg>regression1</arg>
</arguments>
<msg timestamp="20200925 11:56:43.132" level="INFO">Removed tag 'regression1'.</msg>
<status status="PASS" starttime="20200925 11:56:43.128" endtime="20200925 11:56:43.134"></status>
</kw>
<kw name="Log" library="BuiltIn" type="teardown">
<doc>Logs the given message with the given level.</doc>
<arguments>
<arg>i am inside Test Teardown</arg>
</arguments>
<msg timestamp="20200925 11:56:43.143" level="INFO">i am inside Test Teardown</msg>
<status status="PASS" starttime="20200925 11:56:43.136" endtime="20200925 11:56:43.145"></status>
</kw>
<tags>
<tag>example</tag>
</tags>
<status status="PASS" starttime="20200925 11:56:43.103" endtime="20200925 11:56:43.146" critical="yes"></status>
</test>
<test id="s1-s1-s1-t3" name="MyThirdTest">
<kw name="Log" library="BuiltIn" type="setup">
<doc>Logs the given message with the given level.</doc>
<arguments>
<arg>i am inside Test Setup</arg>
</arguments>
<msg timestamp="20200925 11:56:43.161" level="INFO">i am inside Test Setup</msg>
<status status="PASS" starttime="20200925 11:56:43.153" endtime="20200925 11:56:43.162"></status>
</kw>
<kw name="Log" library="BuiltIn">
<doc>Logs the given message with the given level.</doc>
<arguments>
<arg>i am inside 3th Test</arg>
</arguments>
<msg timestamp="20200925 11:56:43.165" level="INFO">i am inside 3th Test</msg>
<status status="PASS" starttime="20200925 11:56:43.163" endtime="20200925 11:56:43.166"></status>
</kw>
<kw name="Log" library="BuiltIn" type="teardown">
<doc>Logs the given message with the given level.</doc>
<arguments>
<arg>i am inside Test Teardown</arg>
</arguments>
<msg timestamp="20200925 11:56:43.169" level="INFO">i am inside Test Teardown</msg>
<status status="PASS" starttime="20200925 11:56:43.167" endtime="20200925 11:56:43.176"></status>
</kw>
<tags>
<tag>sanity</tag>
</tags>
<status status="PASS" starttime="20200925 11:56:43.149" endtime="20200925 11:56:43.176" critical="yes"></status>
</test>
<kw name="Log" library="BuiltIn" type="teardown">
<doc>Logs the given message with the given level.</doc>
<arguments>
<arg>i am iside Test Suite Teardown</arg>
</arguments>
<msg timestamp="20200925 11:56:43.183" level="INFO">i am iside Test Suite Teardown</msg>
<status status="PASS" starttime="20200925 11:56:43.180" endtime="20200925 11:56:43.184"></status>
</kw>
<status status="PASS" starttime="20200925 11:56:40.276" endtime="20200925 11:56:43.184"></status>
</suite>
<status status="PASS" starttime="20200925 11:56:40.089" endtime="20200925 11:56:43.217"></status>
</suite>
<status status="PASS" starttime="20200925 11:56:39.230" endtime="20200925 11:56:43.246"></status>
</suite>
<statistics>
<total>
<stat pass="3" fail="0">Critical Tests</stat>
<stat pass="3" fail="0">All Tests</stat>
</total>
<tag>
<stat pass="1" fail="0">example</stat>
<stat pass="1" fail="0">sanity</stat>
<stat pass="1" fail="0">smoke</stat>
</tag>
<suite>
<stat pass="3" fail="0" id="s1" name="RobotProject1">RobotProject1</stat>
<stat pass="3" fail="0" id="s1-s1" name="Test">RobotProject1.Test</stat>
<stat pass="3" fail="0" id="s1-s1-s1" name="TestSuit1">RobotProject1.Test.TestSuit1</stat>
</suite>
</statistics>
<errors>
</errors>
</robot>
